<?xml version="1.0" encoding="UTF-8"?>
<testng-results ignored="0" total="1" passed="1" failed="0" skipped="0">
  <reporter-output>
  </reporter-output>
  <suite started-at="2025-04-01T17:42:40 IST" name="Suite" finished-at="2025-04-01T17:42:57 IST" duration-ms="16763">
    <groups>
      <group name="Sanity">
        <method signature="TC001_AccountRegistrationTest.verify_account_registraton()[pri:0, instance:testCases.TC001_AccountRegistrationTest@132e0cc]" name="verify_account_registraton" class="testCases.TC001_AccountRegistrationTest"/>
      </group> <!-- Sanity -->
      <group name="Regression">
        <method signature="TC001_AccountRegistrationTest.verify_account_registraton()[pri:0, instance:testCases.TC001_AccountRegistrationTest@132e0cc]" name="verify_account_registraton" class="testCases.TC001_AccountRegistrationTest"/>
      </group> <!-- Regression -->
    </groups>
    <test started-at="2025-04-01T17:42:40 IST" name="Test" finished-at="2025-04-01T17:42:57 IST" duration-ms="16763">
      <class name="testCases.TC001_AccountRegistrationTest">
        <test-method is-config="true" signature="setup(java.lang.String,java.lang.String)[pri:0, instance:testCases.TC001_AccountRegistrationTest@132e0cc]" started-at="2025-04-01T17:42:41 IST" name="setup" finished-at="2025-04-01T17:42:51 IST" duration-ms="10092" status="PASS">
          <params>
            <param index="0">
              <value>
                <![CDATA[windows]]>
              </value>
            </param>
            <param index="1">
              <value>
                <![CDATA[chrome]]>
              </value>
            </param>
          </params>
          <reporter-output>
          </reporter-output>
        </test-method> <!-- setup -->
        <test-method signature="verify_account_registraton()[pri:0, instance:testCases.TC001_AccountRegistrationTest@132e0cc]" started-at="2025-04-01T17:42:51 IST" name="verify_account_registraton" finished-at="2025-04-01T17:42:56 IST" duration-ms="5148" status="PASS">
          <reporter-output>
          </reporter-output>
        </test-method> <!-- verify_account_registraton -->
        <test-method is-config="true" signature="tearDown()[pri:0, instance:testCases.TC001_AccountRegistrationTest@132e0cc]" started-at="2025-04-01T17:42:56 IST" name="tearDown" finished-at="2025-04-01T17:42:57 IST" duration-ms="654" status="PASS">
          <reporter-output>
          </reporter-output>
        </test-method> <!-- tearDown -->
      </class> <!-- testCases.TC001_AccountRegistrationTest -->
    </test> <!-- Test -->
  </suite> <!-- Suite -->
</testng-results>
